2021-01-23 11:48:09,764 [INFO] [main] pers.enoch.im.connector.ConnectApp [StartupInfoLogger.java : 50] Starting ConnectApp on DESKTOP-RG5DQGH with PID 12940 (E:\idea code\easy4IM\im-connector\target\classes started by zyvictor in E:\idea code\easy4IM)
2021-01-23 11:48:09,785 [INFO] [main] pers.enoch.im.connector.ConnectApp [SpringApplication.java : 652] The following profiles are active: dev
2021-01-23 11:48:11,565 [INFO] [main] o.s.data.repository.config.RepositoryConfigurationDelegate [RepositoryConfigurationDelegate.java : 247] Multiple Spring Data modules found, entering strict repository configuration mode!
2021-01-23 11:48:11,577 [INFO] [main] o.s.data.repository.config.RepositoryConfigurationDelegate [RepositoryConfigurationDelegate.java : 127] Bootstrapping Spring Data Redis repositories in DEFAULT mode.
2021-01-23 11:48:11,670 [INFO] [main] o.s.data.repository.config.RepositoryConfigurationDelegate [RepositoryConfigurationDelegate.java : 185] Finished Spring Data repository scanning in 55ms. Found 0 Redis repository interfaces.
2021-01-23 11:48:12,413 [INFO] [main] c.a.d.spring.boot.autoconfigure.DruidDataSourceAutoConfigure [DruidDataSourceAutoConfigure.java : 56] Init DruidDataSource
2021-01-23 11:48:12,598 [INFO] [main] com.alibaba.druid.pool.DruidDataSource [DruidDataSource.java : 1003] {dataSource-1} inited
2021-01-23 11:48:14,449 [INFO] [main] pers.enoch.im.connector.ConnectApp [StartupInfoLogger.java : 59] Started ConnectApp in 6.073 seconds (JVM running for 9.014)
2021-01-23 11:48:14,474 [INFO] [Thread-6] com.alibaba.druid.pool.DruidDataSource [DruidDataSource.java : 1948] {dataSource-1} closing ...
2021-01-23 11:48:14,486 [INFO] [Thread-6] com.alibaba.druid.pool.DruidDataSource [DruidDataSource.java : 2020] {dataSource-1} closed
2021-01-23 11:55:20,363 [INFO] [main] pers.enoch.im.connector.ConnectApp [StartupInfoLogger.java : 50] Starting ConnectApp on DESKTOP-RG5DQGH with PID 9396 (E:\idea code\easy4IM\im-connector\target\classes started by zyvictor in E:\idea code\easy4IM)
2021-01-23 11:55:20,385 [INFO] [main] pers.enoch.im.connector.ConnectApp [SpringApplication.java : 652] The following profiles are active: dev
2021-01-23 11:55:25,783 [INFO] [main] o.s.data.repository.config.RepositoryConfigurationDelegate [RepositoryConfigurationDelegate.java : 247] Multiple Spring Data modules found, entering strict repository configuration mode!
2021-01-23 11:55:25,810 [INFO] [main] o.s.data.repository.config.RepositoryConfigurationDelegate [RepositoryConfigurationDelegate.java : 127] Bootstrapping Spring Data Redis repositories in DEFAULT mode.
2021-01-23 11:55:26,138 [INFO] [main] o.s.data.repository.config.RepositoryConfigurationDelegate [RepositoryConfigurationDelegate.java : 185] Finished Spring Data repository scanning in 239ms. Found 0 Redis repository interfaces.
2021-01-23 11:55:30,393 [INFO] [main] c.a.d.spring.boot.autoconfigure.DruidDataSourceAutoConfigure [DruidDataSourceAutoConfigure.java : 56] Init DruidDataSource
2021-01-23 11:55:31,908 [INFO] [main] com.alibaba.druid.pool.DruidDataSource [DruidDataSource.java : 1003] {dataSource-1} inited
2021-01-23 11:55:40,762 [INFO] [main] pers.enoch.im.connector.ConnectApp [StartupInfoLogger.java : 59] Started ConnectApp in 23.852 seconds (JVM running for 397.103)
2021-01-23 11:56:28,602 [INFO] [Thread-2] com.alibaba.druid.pool.DruidDataSource [DruidDataSource.java : 1948] {dataSource-1} closing ...
2021-01-23 11:56:28,611 [INFO] [Thread-2] com.alibaba.druid.pool.DruidDataSource [DruidDataSource.java : 2020] {dataSource-1} closed
2021-01-23 11:56:41,639 [INFO] [main] pers.enoch.im.connector.ConnectApp [StartupInfoLogger.java : 50] Starting ConnectApp on DESKTOP-RG5DQGH with PID 15284 (E:\idea code\easy4IM\im-connector\target\classes started by zyvictor in E:\idea code\easy4IM)
2021-01-23 11:56:41,642 [INFO] [main] pers.enoch.im.connector.ConnectApp [SpringApplication.java : 652] The following profiles are active: dev
2021-01-23 11:56:42,340 [INFO] [main] o.s.data.repository.config.RepositoryConfigurationDelegate [RepositoryConfigurationDelegate.java : 247] Multiple Spring Data modules found, entering strict repository configuration mode!
2021-01-23 11:56:42,343 [INFO] [main] o.s.data.repository.config.RepositoryConfigurationDelegate [RepositoryConfigurationDelegate.java : 127] Bootstrapping Spring Data Redis repositories in DEFAULT mode.
2021-01-23 11:56:42,382 [INFO] [main] o.s.data.repository.config.RepositoryConfigurationDelegate [RepositoryConfigurationDelegate.java : 185] Finished Spring Data repository scanning in 24ms. Found 0 Redis repository interfaces.
2021-01-23 11:56:42,834 [INFO] [main] c.a.d.spring.boot.autoconfigure.DruidDataSourceAutoConfigure [DruidDataSourceAutoConfigure.java : 56] Init DruidDataSource
2021-01-23 11:56:42,956 [INFO] [main] com.alibaba.druid.pool.DruidDataSource [DruidDataSource.java : 1003] {dataSource-1} inited
2021-01-23 11:56:43,969 [INFO] [main] pers.enoch.im.connector.ConnectApp [StartupInfoLogger.java : 59] Started ConnectApp in 3.006 seconds (JVM running for 8.047)
2021-01-23 11:56:43,987 [INFO] [Thread-7] com.alibaba.druid.pool.DruidDataSource [DruidDataSource.java : 1948] {dataSource-1} closing ...
2021-01-23 11:56:43,992 [INFO] [Thread-7] com.alibaba.druid.pool.DruidDataSource [DruidDataSource.java : 2020] {dataSource-1} closed
2021-01-23 11:57:31,207 [INFO] [main] pers.enoch.im.connector.ConnectApp [StartupInfoLogger.java : 50] Starting ConnectApp on DESKTOP-RG5DQGH with PID 20788 (E:\idea code\easy4IM\im-connector\target\classes started by zyvictor in E:\idea code\easy4IM)
2021-01-23 11:57:31,211 [INFO] [main] pers.enoch.im.connector.ConnectApp [SpringApplication.java : 652] The following profiles are active: dev
2021-01-23 11:57:31,938 [INFO] [main] o.s.data.repository.config.RepositoryConfigurationDelegate [RepositoryConfigurationDelegate.java : 247] Multiple Spring Data modules found, entering strict repository configuration mode!
2021-01-23 11:57:31,942 [INFO] [main] o.s.data.repository.config.RepositoryConfigurationDelegate [RepositoryConfigurationDelegate.java : 127] Bootstrapping Spring Data Redis repositories in DEFAULT mode.
2021-01-23 11:57:31,981 [INFO] [main] o.s.data.repository.config.RepositoryConfigurationDelegate [RepositoryConfigurationDelegate.java : 185] Finished Spring Data repository scanning in 23ms. Found 0 Redis repository interfaces.
2021-01-23 11:57:32,487 [INFO] [main] c.a.d.spring.boot.autoconfigure.DruidDataSourceAutoConfigure [DruidDataSourceAutoConfigure.java : 56] Init DruidDataSource
2021-01-23 11:57:32,605 [INFO] [main] com.alibaba.druid.pool.DruidDataSource [DruidDataSource.java : 1003] {dataSource-1} inited
2021-01-23 11:57:34,013 [INFO] [main] pers.enoch.im.connector.ConnectApp [StartupInfoLogger.java : 59] Started ConnectApp in 3.684 seconds (JVM running for 12.857)
2021-01-23 11:57:36,104 [WARN] [main] pers.enoch.im.connector.server.TcpServer [TcpServer.java : 68] tcp服务启动 , 端口号 8888
2021-01-23 11:57:42,890 [INFO] [Thread-7] com.alibaba.druid.pool.DruidDataSource [DruidDataSource.java : 1948] {dataSource-1} closing ...
2021-01-23 11:57:42,893 [INFO] [Thread-7] com.alibaba.druid.pool.DruidDataSource [DruidDataSource.java : 2020] {dataSource-1} closed
2021-01-23 12:04:06,734 [INFO] [main] pers.enoch.im.connector.ConnectApp [StartupInfoLogger.java : 50] Starting ConnectApp on DESKTOP-RG5DQGH with PID 7792 (E:\idea code\easy4IM\im-connector\target\classes started by zyvictor in E:\idea code\easy4IM)
2021-01-23 12:04:06,737 [INFO] [main] pers.enoch.im.connector.ConnectApp [SpringApplication.java : 652] The following profiles are active: dev
2021-01-23 12:04:08,093 [INFO] [main] o.s.data.repository.config.RepositoryConfigurationDelegate [RepositoryConfigurationDelegate.java : 247] Multiple Spring Data modules found, entering strict repository configuration mode!
2021-01-23 12:04:08,100 [INFO] [main] o.s.data.repository.config.RepositoryConfigurationDelegate [RepositoryConfigurationDelegate.java : 127] Bootstrapping Spring Data Redis repositories in DEFAULT mode.
2021-01-23 12:04:08,159 [INFO] [main] o.s.data.repository.config.RepositoryConfigurationDelegate [RepositoryConfigurationDelegate.java : 185] Finished Spring Data repository scanning in 34ms. Found 0 Redis repository interfaces.
2021-01-23 12:04:08,569 [INFO] [main] c.a.d.spring.boot.autoconfigure.DruidDataSourceAutoConfigure [DruidDataSourceAutoConfigure.java : 56] Init DruidDataSource
2021-01-23 12:04:08,678 [INFO] [main] com.alibaba.druid.pool.DruidDataSource [DruidDataSource.java : 1003] {dataSource-1} inited
2021-01-23 12:04:09,641 [INFO] [main] pers.enoch.im.connector.ConnectApp [StartupInfoLogger.java : 59] Started ConnectApp in 3.799 seconds (JVM running for 5.858)
2021-01-23 12:04:09,692 [WARN] [main] pers.enoch.im.connector.server.TcpServer [TcpServer.java : 68] tcp服务启动 , 端口号 8888
2021-01-23 23:50:31,814 [INFO] [main] pers.enoch.im.connector.ConnectApp [StartupInfoLogger.java : 50] Starting ConnectApp on DESKTOP-RG5DQGH with PID 21004 (E:\idea code\easy4IM\im-connector\target\classes started by zyvictor in E:\idea code\easy4IM)
2021-01-23 23:50:31,816 [INFO] [main] pers.enoch.im.connector.ConnectApp [SpringApplication.java : 652] The following profiles are active: dev
2021-01-23 23:50:37,232 [INFO] [main] o.s.data.repository.config.RepositoryConfigurationDelegate [RepositoryConfigurationDelegate.java : 247] Multiple Spring Data modules found, entering strict repository configuration mode!
2021-01-23 23:50:37,234 [INFO] [main] o.s.data.repository.config.RepositoryConfigurationDelegate [RepositoryConfigurationDelegate.java : 127] Bootstrapping Spring Data Redis repositories in DEFAULT mode.
2021-01-23 23:50:37,260 [INFO] [main] o.s.data.repository.config.RepositoryConfigurationDelegate [RepositoryConfigurationDelegate.java : 185] Finished Spring Data repository scanning in 15ms. Found 0 Redis repository interfaces.
2021-01-23 23:50:37,576 [INFO] [main] c.a.d.spring.boot.autoconfigure.DruidDataSourceAutoConfigure [DruidDataSourceAutoConfigure.java : 56] Init DruidDataSource
2021-01-23 23:50:37,670 [INFO] [main] com.alibaba.druid.pool.DruidDataSource [DruidDataSource.java : 1003] {dataSource-1} inited
2021-01-23 23:50:38,424 [INFO] [main] pers.enoch.im.connector.ConnectApp [StartupInfoLogger.java : 59] Started ConnectApp in 9.447 seconds (JVM running for 11.41)
2021-01-23 23:50:38,468 [INFO] [main] pers.enoch.im.connector.server.TcpServer [TcpServer.java : 68] tcp服务启动 , 端口号 8888
2021-01-23 23:51:58,064 [INFO] [main] pers.enoch.im.connector.ConnectApp [StartupInfoLogger.java : 50] Starting ConnectApp on DESKTOP-RG5DQGH with PID 20528 (E:\idea code\easy4IM\im-connector\target\classes started by zyvictor in E:\idea code\easy4IM)
2021-01-23 23:51:58,067 [INFO] [main] pers.enoch.im.connector.ConnectApp [SpringApplication.java : 652] The following profiles are active: dev
2021-01-23 23:51:58,734 [INFO] [main] o.s.data.repository.config.RepositoryConfigurationDelegate [RepositoryConfigurationDelegate.java : 247] Multiple Spring Data modules found, entering strict repository configuration mode!
2021-01-23 23:51:58,737 [INFO] [main] o.s.data.repository.config.RepositoryConfigurationDelegate [RepositoryConfigurationDelegate.java : 127] Bootstrapping Spring Data Redis repositories in DEFAULT mode.
2021-01-23 23:51:58,770 [INFO] [main] o.s.data.repository.config.RepositoryConfigurationDelegate [RepositoryConfigurationDelegate.java : 185] Finished Spring Data repository scanning in 16ms. Found 0 Redis repository interfaces.
2021-01-23 23:51:59,098 [INFO] [main] c.a.d.spring.boot.autoconfigure.DruidDataSourceAutoConfigure [DruidDataSourceAutoConfigure.java : 56] Init DruidDataSource
2021-01-23 23:51:59,187 [INFO] [main] com.alibaba.druid.pool.DruidDataSource [DruidDataSource.java : 1003] {dataSource-1} inited
2021-01-23 23:51:59,963 [INFO] [main] pers.enoch.im.connector.ConnectApp [StartupInfoLogger.java : 59] Started ConnectApp in 2.664 seconds (JVM running for 4.406)
2021-01-23 23:52:00,001 [INFO] [main] pers.enoch.im.connector.server.TcpServer [TcpServer.java : 68] tcp服务启动 , 端口号 8888
2021-01-25 09:52:25,616 [INFO] [main] pers.enoch.im.connector.ConnectApp [StartupInfoLogger.java : 50] Starting ConnectApp on xmlydeMacBook-Pro.local with PID 16696 (/Users/xmly/Desktop/workspace/easy4IM/im-connector/target/classes started by xmly in /Users/xmly/Desktop/workspace/easy4IM)
2021-01-25 09:52:25,620 [INFO] [main] pers.enoch.im.connector.ConnectApp [SpringApplication.java : 652] The following profiles are active: dev
2021-01-25 09:52:26,215 [INFO] [main] o.s.data.repository.config.RepositoryConfigurationDelegate [RepositoryConfigurationDelegate.java : 247] Multiple Spring Data modules found, entering strict repository configuration mode!
2021-01-25 09:52:26,220 [INFO] [main] o.s.data.repository.config.RepositoryConfigurationDelegate [RepositoryConfigurationDelegate.java : 127] Bootstrapping Spring Data Redis repositories in DEFAULT mode.
2021-01-25 09:52:26,262 [INFO] [main] o.s.data.repository.config.RepositoryConfigurationDelegate [RepositoryConfigurationDelegate.java : 185] Finished Spring Data repository scanning in 19ms. Found 0 Redis repository interfaces.
2021-01-25 09:52:26,633 [INFO] [main] c.a.d.spring.boot.autoconfigure.DruidDataSourceAutoConfigure [DruidDataSourceAutoConfigure.java : 56] Init DruidDataSource
2021-01-25 09:52:26,756 [INFO] [main] com.alibaba.druid.pool.DruidDataSource [DruidDataSource.java : 1003] {dataSource-1} inited
2021-01-25 09:52:27,709 [INFO] [main] pers.enoch.im.connector.ConnectApp [StartupInfoLogger.java : 59] Started ConnectApp in 22.593 seconds (JVM running for 28.333)
2021-01-25 09:52:27,730 [INFO] [main] pers.enoch.im.connector.server.TcpServer [TcpServer.java : 68] tcp服务启动 , 端口号 8888
2021-01-25 09:52:33,777 [INFO] [Thread-46] com.alibaba.druid.pool.DruidDataSource [DruidDataSource.java : 1948] {dataSource-1} closing ...
2021-01-25 09:52:33,781 [INFO] [Thread-46] com.alibaba.druid.pool.DruidDataSource [DruidDataSource.java : 2020] {dataSource-1} closed
2021-01-25 11:22:38,236 [INFO] [main] pers.enoch.im.connector.ConnectApp [StartupInfoLogger.java : 50] Starting ConnectApp on xmlydeMacBook-Pro.local with PID 25615 (/Users/xmly/Desktop/workspace/easy4IM/im-connector/target/classes started by xmly in /Users/xmly/Desktop/workspace/easy4IM)
2021-01-25 11:22:38,241 [INFO] [main] pers.enoch.im.connector.ConnectApp [SpringApplication.java : 652] The following profiles are active: prod
2021-01-25 11:22:38,854 [INFO] [main] o.s.data.repository.config.RepositoryConfigurationDelegate [RepositoryConfigurationDelegate.java : 247] Multiple Spring Data modules found, entering strict repository configuration mode!
2021-01-25 11:22:38,858 [INFO] [main] o.s.data.repository.config.RepositoryConfigurationDelegate [RepositoryConfigurationDelegate.java : 127] Bootstrapping Spring Data Redis repositories in DEFAULT mode.
2021-01-25 11:22:38,907 [INFO] [main] o.s.data.repository.config.RepositoryConfigurationDelegate [RepositoryConfigurationDelegate.java : 185] Finished Spring Data repository scanning in 23ms. Found 0 Redis repository interfaces.
2021-01-25 11:22:39,319 [INFO] [main] c.a.d.spring.boot.autoconfigure.DruidDataSourceAutoConfigure [DruidDataSourceAutoConfigure.java : 56] Init DruidDataSource
2021-01-25 11:22:39,458 [INFO] [main] com.alibaba.druid.pool.DruidDataSource [DruidDataSource.java : 1003] {dataSource-1} inited
2021-01-25 11:22:40,940 [INFO] [main] pers.enoch.im.connector.ConnectApp [StartupInfoLogger.java : 59] Started ConnectApp in 23.18 seconds (JVM running for 28.841)
2021-01-25 11:22:40,970 [INFO] [main] pers.enoch.im.connector.server.TcpServer [TcpServer.java : 68] tcp服务启动 , 端口号 8888
2021-01-25 11:22:58,026 [INFO] [Thread-48] com.alibaba.druid.pool.DruidDataSource [DruidDataSource.java : 1948] {dataSource-1} closing ...
2021-01-25 11:22:58,033 [INFO] [Thread-48] com.alibaba.druid.pool.DruidDataSource [DruidDataSource.java : 2020] {dataSource-1} closed
