2021-01-23 11:24:24,856 [INFO] [restartedMain] pers.enoch.im.api.ApiApplication [StartupInfoLogger.java : 50] Starting ApiApplication on DESKTOP-RG5DQGH with PID 15032 (E:\idea code\easy4IM\im-api\target\classes started by zyvictor in E:\idea code\easy4IM)
2021-01-23 11:24:24,859 [INFO] [restartedMain] pers.enoch.im.api.ApiApplication [SpringApplication.java : 652] The following profiles are active: dev
2021-01-23 11:24:24,967 [INFO] [restartedMain] o.s.boot.devtools.env.DevToolsPropertyDefaultsPostProcessor [DeferredLog.java : 225] Devtools property defaults active! Set 'spring.devtools.add-properties' to 'false' to disable
2021-01-23 11:24:24,968 [INFO] [restartedMain] o.s.boot.devtools.env.DevToolsPropertyDefaultsPostProcessor [DeferredLog.java : 225] For additional web related logging consider setting the 'logging.level.web' property to 'DEBUG'
2021-01-23 11:24:26,310 [INFO] [restartedMain] o.s.data.repository.config.RepositoryConfigurationDelegate [RepositoryConfigurationDelegate.java : 247] Multiple Spring Data modules found, entering strict repository configuration mode!
2021-01-23 11:24:26,312 [INFO] [restartedMain] o.s.data.repository.config.RepositoryConfigurationDelegate [RepositoryConfigurationDelegate.java : 127] Bootstrapping Spring Data Redis repositories in DEFAULT mode.
2021-01-23 11:24:26,343 [INFO] [restartedMain] o.s.data.repository.config.RepositoryConfigurationDelegate [RepositoryConfigurationDelegate.java : 185] Finished Spring Data repository scanning in 18ms. Found 0 Redis repository interfaces.
2021-01-23 11:24:27,214 [INFO] [restartedMain] org.springframework.boot.web.embedded.tomcat.TomcatWebServer [TomcatWebServer.java : 90] Tomcat initialized with port(s): 8081 (http)
2021-01-23 11:24:27,238 [INFO] [restartedMain] org.apache.catalina.core.StandardService [DirectJDKLog.java : 173] Starting service [Tomcat]
2021-01-23 11:24:27,239 [INFO] [restartedMain] org.apache.catalina.core.StandardEngine [DirectJDKLog.java : 173] Starting Servlet engine: [Apache Tomcat/9.0.34]
2021-01-23 11:24:27,448 [INFO] [restartedMain] o.a.catalina.core.ContainerBase.[Tomcat].[localhost].[/] [DirectJDKLog.java : 173] Initializing Spring embedded WebApplicationContext
2021-01-23 11:24:27,448 [INFO] [restartedMain] org.springframework.web.context.ContextLoader [ServletWebServerApplicationContext.java : 284] Root WebApplicationContext: initialization completed in 2478 ms
2021-01-23 11:24:27,814 [INFO] [restartedMain] c.a.d.spring.boot.autoconfigure.DruidDataSourceAutoConfigure [DruidDataSourceAutoConfigure.java : 56] Init DruidDataSource
2021-01-23 11:24:28,132 [INFO] [restartedMain] com.alibaba.druid.pool.DruidDataSource [DruidDataSource.java : 1003] {dataSource-1} inited
2021-01-23 11:24:29,012 [INFO] [restartedMain] o.s.scheduling.concurrent.ThreadPoolTaskExecutor [ExecutorConfigurationSupport.java : 171] Initializing ExecutorService 'applicationTaskExecutor'
2021-01-23 11:24:29,505 [INFO] [restartedMain] o.s.boot.devtools.autoconfigure.OptionalLiveReloadServer [OptionalLiveReloadServer.java : 57] LiveReload server is running on port 35729
2021-01-23 11:24:29,519 [INFO] [restartedMain] o.s.boot.actuate.endpoint.web.EndpointLinksResolver [EndpointLinksResolver.java : 58] Exposing 2 endpoint(s) beneath base path '/actuator'
2021-01-23 11:24:29,610 [INFO] [restartedMain] org.springframework.boot.web.embedded.tomcat.TomcatWebServer [TomcatWebServer.java : 202] Tomcat started on port(s): 8081 (http) with context path ''
2021-01-23 11:24:29,613 [INFO] [restartedMain] pers.enoch.im.api.ApiApplication [StartupInfoLogger.java : 59] Started ApiApplication in 5.636 seconds (JVM running for 7.574)
2021-01-23 11:24:30,873 [INFO] [RMI TCP Connection(1)-169.254.157.12] o.a.catalina.core.ContainerBase.[Tomcat].[localhost].[/] [DirectJDKLog.java : 173] Initializing Spring DispatcherServlet 'dispatcherServlet'
2021-01-23 11:24:30,873 [INFO] [RMI TCP Connection(1)-169.254.157.12] org.springframework.web.servlet.DispatcherServlet [FrameworkServlet.java : 525] Initializing Servlet 'dispatcherServlet'
2021-01-23 11:24:30,882 [INFO] [RMI TCP Connection(1)-169.254.157.12] org.springframework.web.servlet.DispatcherServlet [FrameworkServlet.java : 547] Completed initialization in 8 ms
2021-01-23 11:24:31,093 [INFO] [parallel-1] io.lettuce.core.EpollProvider [EpollProvider.java : 68] Starting without optional epoll library
2021-01-23 11:24:31,096 [INFO] [parallel-1] io.lettuce.core.KqueueProvider [KqueueProvider.java : 70] Starting without optional kqueue library
2021-01-23 11:26:24,402 [INFO] [http-nio-8081-exec-2] pers.enoch.im.api.service.impl.UserServiceImpl [UserServiceImpl.java : 88] user id :enoch login at Sat Jan 23 11:26:24 CST 2021
2021-01-23 11:26:24,993 [INFO] [http-nio-8081-exec-2] pers.enoch.im.common.utils.LoginUtil [LoginUtil.java : 55] 用户 enoch 上线
2021-01-23 11:47:45,456 [INFO] [Thread-14] o.s.scheduling.concurrent.ThreadPoolTaskExecutor [ExecutorConfigurationSupport.java : 208] Shutting down ExecutorService 'applicationTaskExecutor'
2021-01-23 11:47:45,458 [INFO] [Thread-14] com.alibaba.druid.pool.DruidDataSource [DruidDataSource.java : 1948] {dataSource-1} closing ...
2021-01-23 11:47:45,465 [INFO] [Thread-14] com.alibaba.druid.pool.DruidDataSource [DruidDataSource.java : 2020] {dataSource-1} closed
2021-01-23 11:47:49,617 [INFO] [restartedMain] pers.enoch.im.api.ApiApplication [StartupInfoLogger.java : 50] Starting ApiApplication on DESKTOP-RG5DQGH with PID 15032 (E:\idea code\easy4IM\im-api\target\classes started by zyvictor in E:\idea code\easy4IM)
2021-01-23 11:47:49,618 [INFO] [restartedMain] pers.enoch.im.api.ApiApplication [SpringApplication.java : 652] The following profiles are active: dev
2021-01-23 11:47:50,471 [ERROR] [restartedMain] org.springframework.boot.SpringApplication [SpringApplication.java : 823] Application run failed
java.lang.IllegalStateException: Error processing condition on pers.enoch.im.api.config.RedisConfig.stringRedisTemplate
	at org.springframework.boot.autoconfigure.condition.SpringBootCondition.matches(SpringBootCondition.java:60)
	at org.springframework.context.annotation.ConditionEvaluator.shouldSkip(ConditionEvaluator.java:108)
	at org.springframework.context.annotation.ConfigurationClassBeanDefinitionReader.loadBeanDefinitionsForBeanMethod(ConfigurationClassBeanDefinitionReader.java:181)
	at org.springframework.context.annotation.ConfigurationClassBeanDefinitionReader.loadBeanDefinitionsForConfigurationClass(ConfigurationClassBeanDefinitionReader.java:141)
	at org.springframework.context.annotation.ConfigurationClassBeanDefinitionReader.loadBeanDefinitions(ConfigurationClassBeanDefinitionReader.java:117)
	at org.springframework.context.annotation.ConfigurationClassPostProcessor.processConfigBeanDefinitions(ConfigurationClassPostProcessor.java:327)
	at org.springframework.context.annotation.ConfigurationClassPostProcessor.postProcessBeanDefinitionRegistry(ConfigurationClassPostProcessor.java:232)
	at org.springframework.context.support.PostProcessorRegistrationDelegate.invokeBeanDefinitionRegistryPostProcessors(PostProcessorRegistrationDelegate.java:275)
	at org.springframework.context.support.PostProcessorRegistrationDelegate.invokeBeanFactoryPostProcessors(PostProcessorRegistrationDelegate.java:95)
	at org.springframework.context.support.AbstractApplicationContext.invokeBeanFactoryPostProcessors(AbstractApplicationContext.java:705)
	at org.springframework.context.support.AbstractApplicationContext.refresh(AbstractApplicationContext.java:531)
	at org.springframework.boot.web.servlet.context.ServletWebServerApplicationContext.refresh(ServletWebServerApplicationContext.java:141)
	at org.springframework.boot.SpringApplication.refresh(SpringApplication.java:744)
	at org.springframework.boot.SpringApplication.refreshContext(SpringApplication.java:391)
	at org.springframework.boot.SpringApplication.run(SpringApplication.java:312)
	at org.springframework.boot.SpringApplication.run(SpringApplication.java:1215)
	at org.springframework.boot.SpringApplication.run(SpringApplication.java:1204)
	at pers.enoch.im.api.ApiApplication.main(ApiApplication.java:21)
	at sun.reflect.NativeMethodAccessorImpl.invoke0(Native Method)
	at sun.reflect.NativeMethodAccessorImpl.invoke(NativeMethodAccessorImpl.java:62)
	at sun.reflect.DelegatingMethodAccessorImpl.invoke(DelegatingMethodAccessorImpl.java:43)
	at java.lang.reflect.Method.invoke(Method.java:498)
	at org.springframework.boot.devtools.restart.RestartLauncher.run(RestartLauncher.java:49)
Caused by: java.lang.IllegalStateException: Failed to introspect Class [pers.enoch.im.api.config.QCloudCosUtilsConfig] from ClassLoader [org.springframework.boot.devtools.restart.classloader.RestartClassLoader@5ae81805]
	at org.springframework.util.ReflectionUtils.getDeclaredMethods(ReflectionUtils.java:507)
	at org.springframework.util.ReflectionUtils.doWithMethods(ReflectionUtils.java:404)
	at org.springframework.util.ReflectionUtils.doWithMethods(ReflectionUtils.java:389)
	at org.springframework.util.ReflectionUtils.getUniqueDeclaredMethods(ReflectionUtils.java:447)
	at java.util.concurrent.ConcurrentHashMap.computeIfAbsent(ConcurrentHashMap.java:1660)
	at org.springframework.beans.factory.support.AbstractAutowireCapableBeanFactory.getTypeForFactoryMethod(AbstractAutowireCapableBeanFactory.java:737)
	at org.springframework.beans.factory.support.AbstractAutowireCapableBeanFactory.determineTargetType(AbstractAutowireCapableBeanFactory.java:678)
	at org.springframework.beans.factory.support.AbstractAutowireCapableBeanFactory.predictBeanType(AbstractAutowireCapableBeanFactory.java:647)
	at org.springframework.beans.factory.support.AbstractBeanFactory.isFactoryBean(AbstractBeanFactory.java:1518)
	at org.springframework.beans.factory.support.AbstractBeanFactory.isFactoryBean(AbstractBeanFactory.java:1023)
	at org.springframework.boot.autoconfigure.condition.BeanTypeRegistry.addBeanTypeForNonAliasDefinition(BeanTypeRegistry.java:189)
	at org.springframework.boot.autoconfigure.condition.BeanTypeRegistry.addBeanTypeForNonAliasDefinition(BeanTypeRegistry.java:156)
	at org.springframework.boot.autoconfigure.condition.BeanTypeRegistry.addBeanType(BeanTypeRegistry.java:149)
	at org.springframework.boot.autoconfigure.condition.BeanTypeRegistry.updateTypesIfNecessary(BeanTypeRegistry.java:137)
	at java.util.Iterator.forEachRemaining(Iterator.java:116)
	at org.springframework.boot.autoconfigure.condition.BeanTypeRegistry.updateTypesIfNecessary(BeanTypeRegistry.java:132)
	at org.springframework.boot.autoconfigure.condition.BeanTypeRegistry.getNamesForType(BeanTypeRegistry.java:96)
	at org.springframework.boot.autoconfigure.condition.OnBeanCondition.collectBeanNamesForType(OnBeanCondition.java:269)
	at org.springframework.boot.autoconfigure.condition.OnBeanCondition.getBeanNamesForType(OnBeanCondition.java:262)
	at org.springframework.boot.autoconfigure.condition.OnBeanCondition.getBeanNamesForType(OnBeanCondition.java:251)
	at org.springframework.boot.autoconfigure.condition.OnBeanCondition.getMatchingBeans(OnBeanCondition.java:171)
	at org.springframework.boot.autoconfigure.condition.OnBeanCondition.getMatchOutcome(OnBeanCondition.java:145)
	at org.springframework.boot.autoconfigure.condition.SpringBootCondition.matches(SpringBootCondition.java:47)
	... 22 common frames omitted
Caused by: java.lang.NoClassDefFoundError: pers/enoch/im/common/utils/QCloudCosUtils
	at java.lang.Class.getDeclaredMethods0(Native Method)
	at java.lang.Class.privateGetDeclaredMethods(Class.java:2701)
	at java.lang.Class.getDeclaredMethods(Class.java:1975)
	at org.springframework.util.ReflectionUtils.getDeclaredMethods(ReflectionUtils.java:489)
	... 44 common frames omitted
Caused by: java.lang.ClassNotFoundException: pers.enoch.im.common.utils.QCloudCosUtils
	at java.net.URLClassLoader.findClass(URLClassLoader.java:382)
	at java.lang.ClassLoader.loadClass(ClassLoader.java:424)
	at sun.misc.Launcher$AppClassLoader.loadClass(Launcher.java:349)
	at java.lang.ClassLoader.loadClass(ClassLoader.java:357)
	at org.springframework.boot.devtools.restart.classloader.RestartClassLoader.loadClass(RestartClassLoader.java:144)
	at java.lang.ClassLoader.loadClass(ClassLoader.java:357)
	... 48 common frames omitted
2021-01-23 11:47:50,475 [WARN] [restartedMain] org.springframework.boot.SpringApplication [SpringApplication.java : 805] Unable to close ApplicationContext
java.lang.IllegalStateException: Failed to introspect Class [pers.enoch.im.api.config.QCloudCosUtilsConfig] from ClassLoader [org.springframework.boot.devtools.restart.classloader.RestartClassLoader@5ae81805]
	at org.springframework.util.ReflectionUtils.getDeclaredMethods(ReflectionUtils.java:507)
	at org.springframework.util.ReflectionUtils.doWithMethods(ReflectionUtils.java:404)
	at org.springframework.util.ReflectionUtils.doWithMethods(ReflectionUtils.java:389)
	at org.springframework.util.ReflectionUtils.getUniqueDeclaredMethods(ReflectionUtils.java:447)
	at java.util.concurrent.ConcurrentHashMap.computeIfAbsent(ConcurrentHashMap.java:1660)
	at org.springframework.beans.factory.support.AbstractAutowireCapableBeanFactory.getTypeForFactoryMethod(AbstractAutowireCapableBeanFactory.java:737)
	at org.springframework.beans.factory.support.AbstractAutowireCapableBeanFactory.determineTargetType(AbstractAutowireCapableBeanFactory.java:678)
	at org.springframework.beans.factory.support.AbstractAutowireCapableBeanFactory.predictBeanType(AbstractAutowireCapableBeanFactory.java:647)
	at org.springframework.beans.factory.support.AbstractBeanFactory.isFactoryBean(AbstractBeanFactory.java:1518)
	at org.springframework.beans.factory.support.DefaultListableBeanFactory.doGetBeanNamesForType(DefaultListableBeanFactory.java:516)
	at org.springframework.beans.factory.support.DefaultListableBeanFactory.getBeanNamesForType(DefaultListableBeanFactory.java:486)
	at org.springframework.beans.factory.support.DefaultListableBeanFactory.getBeansOfType(DefaultListableBeanFactory.java:607)
	at org.springframework.beans.factory.support.DefaultListableBeanFactory.getBeansOfType(DefaultListableBeanFactory.java:599)
	at org.springframework.context.support.AbstractApplicationContext.getBeansOfType(AbstractApplicationContext.java:1226)
	at org.springframework.boot.SpringApplication.getExitCodeFromMappedException(SpringApplication.java:866)
	at org.springframework.boot.SpringApplication.getExitCodeFromException(SpringApplication.java:854)
	at org.springframework.boot.SpringApplication.handleExitCode(SpringApplication.java:841)
	at org.springframework.boot.SpringApplication.handleRunFailure(SpringApplication.java:792)
	at org.springframework.boot.SpringApplication.run(SpringApplication.java:322)
	at org.springframework.boot.SpringApplication.run(SpringApplication.java:1215)
	at org.springframework.boot.SpringApplication.run(SpringApplication.java:1204)
	at pers.enoch.im.api.ApiApplication.main(ApiApplication.java:21)
	at sun.reflect.NativeMethodAccessorImpl.invoke0(Native Method)
	at sun.reflect.NativeMethodAccessorImpl.invoke(NativeMethodAccessorImpl.java:62)
	at sun.reflect.DelegatingMethodAccessorImpl.invoke(DelegatingMethodAccessorImpl.java:43)
	at java.lang.reflect.Method.invoke(Method.java:498)
	at org.springframework.boot.devtools.restart.RestartLauncher.run(RestartLauncher.java:49)
Caused by: java.lang.NoClassDefFoundError: pers/enoch/im/common/utils/QCloudCosUtils
	at java.lang.Class.getDeclaredMethods0(Native Method)
	at java.lang.Class.privateGetDeclaredMethods(Class.java:2701)
	at java.lang.Class.getDeclaredMethods(Class.java:1975)
	at org.springframework.util.ReflectionUtils.getDeclaredMethods(ReflectionUtils.java:489)
	... 26 common frames omitted
Caused by: java.lang.ClassNotFoundException: pers.enoch.im.common.utils.QCloudCosUtils
	at java.net.URLClassLoader.findClass(URLClassLoader.java:382)
	at java.lang.ClassLoader.loadClass(ClassLoader.java:424)
	at sun.misc.Launcher$AppClassLoader.loadClass(Launcher.java:349)
	at java.lang.ClassLoader.loadClass(ClassLoader.java:357)
	at org.springframework.boot.devtools.restart.classloader.RestartClassLoader.loadClass(RestartClassLoader.java:144)
	at java.lang.ClassLoader.loadClass(ClassLoader.java:357)
	... 30 common frames omitted
2021-01-23 11:47:58,057 [INFO] [restartedMain] o.s.boot.devtools.env.DevToolsPropertyDefaultsPostProcessor [DeferredLog.java : 225] Devtools property defaults active! Set 'spring.devtools.add-properties' to 'false' to disable
2021-01-23 11:47:58,059 [INFO] [restartedMain] o.s.boot.devtools.env.DevToolsPropertyDefaultsPostProcessor [DeferredLog.java : 225] For additional web related logging consider setting the 'logging.level.web' property to 'DEBUG'
2021-01-23 11:47:58,163 [INFO] [restartedMain] pers.enoch.im.api.ApiApplication [StartupInfoLogger.java : 50] Starting ApiApplication on DESKTOP-RG5DQGH with PID 15032 (E:\idea code\easy4IM\im-api\target\classes started by zyvictor in E:\idea code\easy4IM)
2021-01-23 11:47:58,164 [INFO] [restartedMain] pers.enoch.im.api.ApiApplication [SpringApplication.java : 652] The following profiles are active: dev
2021-01-23 11:47:59,172 [INFO] [restartedMain] o.s.data.repository.config.RepositoryConfigurationDelegate [RepositoryConfigurationDelegate.java : 247] Multiple Spring Data modules found, entering strict repository configuration mode!
2021-01-23 11:47:59,172 [INFO] [restartedMain] o.s.data.repository.config.RepositoryConfigurationDelegate [RepositoryConfigurationDelegate.java : 127] Bootstrapping Spring Data Redis repositories in DEFAULT mode.
2021-01-23 11:47:59,189 [INFO] [restartedMain] o.s.data.repository.config.RepositoryConfigurationDelegate [RepositoryConfigurationDelegate.java : 185] Finished Spring Data repository scanning in 16ms. Found 0 Redis repository interfaces.
2021-01-23 11:47:59,702 [INFO] [restartedMain] org.springframework.boot.web.embedded.tomcat.TomcatWebServer [TomcatWebServer.java : 90] Tomcat initialized with port(s): 8081 (http)
2021-01-23 11:47:59,704 [INFO] [restartedMain] org.apache.catalina.core.StandardService [DirectJDKLog.java : 173] Starting service [Tomcat]
2021-01-23 11:47:59,705 [INFO] [restartedMain] org.apache.catalina.core.StandardEngine [DirectJDKLog.java : 173] Starting Servlet engine: [Apache Tomcat/9.0.34]
2021-01-23 11:47:59,749 [INFO] [restartedMain] o.a.catalina.core.ContainerBase.[Tomcat].[localhost].[/] [DirectJDKLog.java : 173] Initializing Spring embedded WebApplicationContext
2021-01-23 11:47:59,750 [INFO] [restartedMain] org.springframework.web.context.ContextLoader [ServletWebServerApplicationContext.java : 284] Root WebApplicationContext: initialization completed in 1581 ms
2021-01-23 11:48:00,829 [INFO] [restartedMain] c.a.d.spring.boot.autoconfigure.DruidDataSourceAutoConfigure [DruidDataSourceAutoConfigure.java : 56] Init DruidDataSource
2021-01-23 11:48:01,108 [INFO] [restartedMain] com.alibaba.druid.pool.DruidDataSource [DruidDataSource.java : 1003] {dataSource-2} inited
2021-01-23 11:48:01,698 [INFO] [restartedMain] o.s.scheduling.concurrent.ThreadPoolTaskExecutor [ExecutorConfigurationSupport.java : 171] Initializing ExecutorService 'applicationTaskExecutor'
2021-01-23 11:48:02,113 [INFO] [restartedMain] o.s.boot.devtools.autoconfigure.OptionalLiveReloadServer [OptionalLiveReloadServer.java : 57] LiveReload server is running on port 35729
2021-01-23 11:48:02,154 [INFO] [restartedMain] o.s.boot.actuate.endpoint.web.EndpointLinksResolver [EndpointLinksResolver.java : 58] Exposing 2 endpoint(s) beneath base path '/actuator'
2021-01-23 11:48:02,238 [INFO] [restartedMain] org.springframework.boot.web.embedded.tomcat.TomcatWebServer [TomcatWebServer.java : 202] Tomcat started on port(s): 8081 (http) with context path ''
2021-01-23 11:48:02,239 [INFO] [restartedMain] pers.enoch.im.api.ApiApplication [StartupInfoLogger.java : 59] Started ApiApplication in 4.319 seconds (JVM running for 1420.2)
2021-01-23 11:48:02,245 [INFO] [restartedMain] o.s.b.d.a.ConditionEvaluationDeltaLoggingListener [ConditionEvaluationDeltaLoggingListener.java : 63] Condition evaluation unchanged
2021-01-23 23:27:35,675 [INFO] [restartedMain] pers.enoch.im.api.ApiApplication [StartupInfoLogger.java : 50] Starting ApiApplication on DESKTOP-RG5DQGH with PID 1532 (E:\idea code\easy4IM\im-api\target\classes started by zyvictor in E:\idea code\easy4IM)
2021-01-23 23:27:36,881 [INFO] [restartedMain] pers.enoch.im.api.ApiApplication [SpringApplication.java : 652] The following profiles are active: dev
2021-01-23 23:27:36,924 [INFO] [restartedMain] o.s.boot.devtools.env.DevToolsPropertyDefaultsPostProcessor [DeferredLog.java : 225] Devtools property defaults active! Set 'spring.devtools.add-properties' to 'false' to disable
2021-01-23 23:27:36,925 [INFO] [restartedMain] o.s.boot.devtools.env.DevToolsPropertyDefaultsPostProcessor [DeferredLog.java : 225] For additional web related logging consider setting the 'logging.level.web' property to 'DEBUG'
2021-01-23 23:27:39,259 [INFO] [restartedMain] o.s.data.repository.config.RepositoryConfigurationDelegate [RepositoryConfigurationDelegate.java : 247] Multiple Spring Data modules found, entering strict repository configuration mode!
2021-01-23 23:27:39,262 [INFO] [restartedMain] o.s.data.repository.config.RepositoryConfigurationDelegate [RepositoryConfigurationDelegate.java : 127] Bootstrapping Spring Data Redis repositories in DEFAULT mode.
2021-01-23 23:27:39,298 [INFO] [restartedMain] o.s.data.repository.config.RepositoryConfigurationDelegate [RepositoryConfigurationDelegate.java : 185] Finished Spring Data repository scanning in 17ms. Found 0 Redis repository interfaces.
2021-01-23 23:27:40,155 [INFO] [restartedMain] org.springframework.boot.web.embedded.tomcat.TomcatWebServer [TomcatWebServer.java : 90] Tomcat initialized with port(s): 8081 (http)
2021-01-23 23:27:40,179 [INFO] [restartedMain] org.apache.catalina.core.StandardService [DirectJDKLog.java : 173] Starting service [Tomcat]
2021-01-23 23:27:40,179 [INFO] [restartedMain] org.apache.catalina.core.StandardEngine [DirectJDKLog.java : 173] Starting Servlet engine: [Apache Tomcat/9.0.34]
2021-01-23 23:27:40,415 [INFO] [restartedMain] o.a.catalina.core.ContainerBase.[Tomcat].[localhost].[/] [DirectJDKLog.java : 173] Initializing Spring embedded WebApplicationContext
2021-01-23 23:27:40,415 [INFO] [restartedMain] org.springframework.web.context.ContextLoader [ServletWebServerApplicationContext.java : 284] Root WebApplicationContext: initialization completed in 3490 ms
2021-01-23 23:27:40,804 [INFO] [restartedMain] c.a.d.spring.boot.autoconfigure.DruidDataSourceAutoConfigure [DruidDataSourceAutoConfigure.java : 56] Init DruidDataSource
2021-01-23 23:27:40,918 [ERROR] [restartedMain] org.springframework.boot.web.embedded.tomcat.TomcatStarter [TomcatStarter.java : 61] Error starting Tomcat context. Exception: org.springframework.beans.factory.BeanCreationException. Message: Error creating bean with name 'servletEndpointRegistrar' defined in class path resource [org/springframework/boot/actuate/autoconfigure/endpoint/web/ServletEndpointManagementContextConfiguration$WebMvcServletEndpointManagementContextConfiguration.class]: Bean instantiation via factory method failed; nested exception is org.springframework.beans.BeanInstantiationException: Failed to instantiate [org.springframework.boot.actuate.endpoint.web.ServletEndpointRegistrar]: Factory method 'servletEndpointRegistrar' threw exception; nested exception is org.springframework.beans.factory.UnsatisfiedDependencyException: Error creating bean with name 'healthEndpoint' defined in class path resource [org/springframework/boot/actuate/autoconfigure/health/HealthEndpointConfiguration.class]: Unsatisfied dependency expressed through method 'healthEndpoint' parameter 1; nested exception is org.springframework.beans.factory.BeanCreationException: Error creating bean with name 'healthIndicatorRegistry' defined in class path resource [org/springframework/boot/actuate/autoconfigure/health/HealthIndicatorAutoConfiguration.class]: Bean instantiation via factory method failed; nested exception is org.springframework.beans.BeanInstantiationException: Failed to instantiate [org.springframework.boot.actuate.health.HealthIndicatorRegistry]: Factory method 'healthIndicatorRegistry' threw exception; nested exception is org.springframework.beans.factory.UnsatisfiedDependencyException: Error creating bean with name 'org.springframework.boot.actuate.autoconfigure.jdbc.DataSourceHealthIndicatorAutoConfiguration': Unsatisfied dependency expressed through constructor parameter 0; nested exception is org.springframework.boot.context.properties.ConfigurationPropertiesBindException: Error creating bean with name 'dataSource': Could not bind properties to 'DruidDataSourceWrapper' : prefix=spring.datasource.druid, ignoreInvalidFields=false, ignoreUnknownFields=true; nested exception is org.springframework.boot.context.properties.bind.BindException: Failed to bind properties under 'spring.datasource.druid' to javax.sql.DataSource
2021-01-23 23:27:40,938 [INFO] [restartedMain] org.apache.catalina.core.StandardService [DirectJDKLog.java : 173] Stopping service [Tomcat]
2021-01-23 23:27:40,953 [WARN] [restartedMain] org.apache.catalina.loader.WebappClassLoaderBase [DirectJDKLog.java : 173] The web application [ROOT] appears to have started a thread named [lettuce-eventExecutorLoop-1-1] but has failed to stop it. This is very likely to create a memory leak. Stack trace of thread:
 sun.misc.Unsafe.park(Native Method)
 java.util.concurrent.locks.LockSupport.parkNanos(LockSupport.java:215)
 java.util.concurrent.locks.AbstractQueuedSynchronizer$ConditionObject.awaitNanos(AbstractQueuedSynchronizer.java:2078)
 java.util.concurrent.LinkedBlockingQueue.poll(LinkedBlockingQueue.java:467)
 io.netty.util.concurrent.SingleThreadEventExecutor.takeTask(SingleThreadEventExecutor.java:289)
 io.netty.util.concurrent.DefaultEventExecutor.run(DefaultEventExecutor.java:64)
 io.netty.util.concurrent.SingleThreadEventExecutor$6.run(SingleThreadEventExecutor.java:1044)
 io.netty.util.internal.ThreadExecutorMap$2.run(ThreadExecutorMap.java:74)
 io.netty.util.concurrent.FastThreadLocalRunnable.run(FastThreadLocalRunnable.java:30)
 java.lang.Thread.run(Thread.java:748)
2021-01-23 23:27:40,956 [WARN] [restartedMain] o.s.b.w.s.c.AnnotationConfigServletWebServerApplicationContext [AbstractApplicationContext.java : 557] Exception encountered during context initialization - cancelling refresh attempt: org.springframework.context.ApplicationContextException: Unable to start web server; nested exception is org.springframework.boot.web.server.WebServerException: Unable to start embedded Tomcat
2021-01-23 23:27:40,985 [INFO] [restartedMain] o.s.b.a.logging.ConditionEvaluationReportLoggingListener [ConditionEvaluationReportLoggingListener.java : 136] 

Error starting ApplicationContext. To display the conditions report re-run your application with 'debug' enabled.
2021-01-23 23:27:40,988 [ERROR] [restartedMain] o.s.boot.diagnostics.LoggingFailureAnalysisReporter [LoggingFailureAnalysisReporter.java : 40] 

***************************
APPLICATION FAILED TO START
***************************

Description:

Failed to bind properties under 'spring.datasource.druid' to javax.sql.DataSource:

    Property: spring.datasource.druid.filters
    Value: stat,wall,log4j
    Origin: class path resource [application-dev.properties]:51:33
    Reason: org.apache.log4j.Logger

Action:

Update your application's configuration

2021-01-23 23:29:34,101 [INFO] [restartedMain] pers.enoch.im.api.ApiApplication [StartupInfoLogger.java : 50] Starting ApiApplication on DESKTOP-RG5DQGH with PID 20628 (E:\idea code\easy4IM\im-api\target\classes started by zyvictor in E:\idea code\easy4IM)
2021-01-23 23:29:34,104 [INFO] [restartedMain] pers.enoch.im.api.ApiApplication [SpringApplication.java : 652] The following profiles are active: dev
2021-01-23 23:29:34,180 [INFO] [restartedMain] o.s.boot.devtools.env.DevToolsPropertyDefaultsPostProcessor [DeferredLog.java : 225] Devtools property defaults active! Set 'spring.devtools.add-properties' to 'false' to disable
2021-01-23 23:29:34,180 [INFO] [restartedMain] o.s.boot.devtools.env.DevToolsPropertyDefaultsPostProcessor [DeferredLog.java : 225] For additional web related logging consider setting the 'logging.level.web' property to 'DEBUG'
2021-01-23 23:29:35,243 [INFO] [restartedMain] o.s.data.repository.config.RepositoryConfigurationDelegate [RepositoryConfigurationDelegate.java : 247] Multiple Spring Data modules found, entering strict repository configuration mode!
2021-01-23 23:29:35,246 [INFO] [restartedMain] o.s.data.repository.config.RepositoryConfigurationDelegate [RepositoryConfigurationDelegate.java : 127] Bootstrapping Spring Data Redis repositories in DEFAULT mode.
2021-01-23 23:29:35,275 [INFO] [restartedMain] o.s.data.repository.config.RepositoryConfigurationDelegate [RepositoryConfigurationDelegate.java : 185] Finished Spring Data repository scanning in 17ms. Found 0 Redis repository interfaces.
2021-01-23 23:29:36,038 [INFO] [restartedMain] org.springframework.boot.web.embedded.tomcat.TomcatWebServer [TomcatWebServer.java : 90] Tomcat initialized with port(s): 8081 (http)
2021-01-23 23:29:36,058 [INFO] [restartedMain] org.apache.catalina.core.StandardService [DirectJDKLog.java : 173] Starting service [Tomcat]
2021-01-23 23:29:36,058 [INFO] [restartedMain] org.apache.catalina.core.StandardEngine [DirectJDKLog.java : 173] Starting Servlet engine: [Apache Tomcat/9.0.34]
2021-01-23 23:29:36,252 [INFO] [restartedMain] o.a.catalina.core.ContainerBase.[Tomcat].[localhost].[/] [DirectJDKLog.java : 173] Initializing Spring embedded WebApplicationContext
2021-01-23 23:29:36,252 [INFO] [restartedMain] org.springframework.web.context.ContextLoader [ServletWebServerApplicationContext.java : 284] Root WebApplicationContext: initialization completed in 2071 ms
2021-01-23 23:29:36,570 [INFO] [restartedMain] c.a.d.spring.boot.autoconfigure.DruidDataSourceAutoConfigure [DruidDataSourceAutoConfigure.java : 56] Init DruidDataSource
2021-01-23 23:29:36,665 [ERROR] [restartedMain] org.springframework.boot.web.embedded.tomcat.TomcatStarter [TomcatStarter.java : 61] Error starting Tomcat context. Exception: org.springframework.beans.factory.BeanCreationException. Message: Error creating bean with name 'servletEndpointRegistrar' defined in class path resource [org/springframework/boot/actuate/autoconfigure/endpoint/web/ServletEndpointManagementContextConfiguration$WebMvcServletEndpointManagementContextConfiguration.class]: Bean instantiation via factory method failed; nested exception is org.springframework.beans.BeanInstantiationException: Failed to instantiate [org.springframework.boot.actuate.endpoint.web.ServletEndpointRegistrar]: Factory method 'servletEndpointRegistrar' threw exception; nested exception is org.springframework.beans.factory.UnsatisfiedDependencyException: Error creating bean with name 'healthEndpoint' defined in class path resource [org/springframework/boot/actuate/autoconfigure/health/HealthEndpointConfiguration.class]: Unsatisfied dependency expressed through method 'healthEndpoint' parameter 1; nested exception is org.springframework.beans.factory.BeanCreationException: Error creating bean with name 'healthIndicatorRegistry' defined in class path resource [org/springframework/boot/actuate/autoconfigure/health/HealthIndicatorAutoConfiguration.class]: Bean instantiation via factory method failed; nested exception is org.springframework.beans.BeanInstantiationException: Failed to instantiate [org.springframework.boot.actuate.health.HealthIndicatorRegistry]: Factory method 'healthIndicatorRegistry' threw exception; nested exception is org.springframework.beans.factory.UnsatisfiedDependencyException: Error creating bean with name 'org.springframework.boot.actuate.autoconfigure.jdbc.DataSourceHealthIndicatorAutoConfiguration': Unsatisfied dependency expressed through constructor parameter 0; nested exception is org.springframework.boot.context.properties.ConfigurationPropertiesBindException: Error creating bean with name 'dataSource': Could not bind properties to 'DruidDataSourceWrapper' : prefix=spring.datasource.druid, ignoreInvalidFields=false, ignoreUnknownFields=true; nested exception is org.springframework.boot.context.properties.bind.BindException: Failed to bind properties under 'spring.datasource.druid' to javax.sql.DataSource
2021-01-23 23:29:36,682 [INFO] [restartedMain] org.apache.catalina.core.StandardService [DirectJDKLog.java : 173] Stopping service [Tomcat]
2021-01-23 23:29:36,693 [WARN] [restartedMain] org.apache.catalina.loader.WebappClassLoaderBase [DirectJDKLog.java : 173] The web application [ROOT] appears to have started a thread named [lettuce-eventExecutorLoop-1-1] but has failed to stop it. This is very likely to create a memory leak. Stack trace of thread:
 sun.misc.Unsafe.park(Native Method)
 java.util.concurrent.locks.LockSupport.parkNanos(LockSupport.java:215)
 java.util.concurrent.locks.AbstractQueuedSynchronizer$ConditionObject.awaitNanos(AbstractQueuedSynchronizer.java:2078)
 java.util.concurrent.LinkedBlockingQueue.poll(LinkedBlockingQueue.java:467)
 io.netty.util.concurrent.SingleThreadEventExecutor.takeTask(SingleThreadEventExecutor.java:289)
 io.netty.util.concurrent.DefaultEventExecutor.run(DefaultEventExecutor.java:64)
 io.netty.util.concurrent.SingleThreadEventExecutor$6.run(SingleThreadEventExecutor.java:1044)
 io.netty.util.internal.ThreadExecutorMap$2.run(ThreadExecutorMap.java:74)
 io.netty.util.concurrent.FastThreadLocalRunnable.run(FastThreadLocalRunnable.java:30)
 java.lang.Thread.run(Thread.java:748)
2021-01-23 23:29:36,696 [WARN] [restartedMain] o.s.b.w.s.c.AnnotationConfigServletWebServerApplicationContext [AbstractApplicationContext.java : 557] Exception encountered during context initialization - cancelling refresh attempt: org.springframework.context.ApplicationContextException: Unable to start web server; nested exception is org.springframework.boot.web.server.WebServerException: Unable to start embedded Tomcat
2021-01-23 23:29:36,719 [INFO] [restartedMain] o.s.b.a.logging.ConditionEvaluationReportLoggingListener [ConditionEvaluationReportLoggingListener.java : 136] 

Error starting ApplicationContext. To display the conditions report re-run your application with 'debug' enabled.
2021-01-23 23:29:36,722 [ERROR] [restartedMain] o.s.boot.diagnostics.LoggingFailureAnalysisReporter [LoggingFailureAnalysisReporter.java : 40] 

***************************
APPLICATION FAILED TO START
***************************

Description:

Failed to bind properties under 'spring.datasource.druid' to javax.sql.DataSource:

    Property: spring.datasource.druid.filters
    Value: stat,wall,log4j
    Origin: class path resource [application-dev.properties]:51:33
    Reason: org.apache.log4j.Logger

Action:

Update your application's configuration

2021-01-23 23:47:03,568 [INFO] [restartedMain] pers.enoch.im.api.ApiApplication [StartupInfoLogger.java : 50] Starting ApiApplication on DESKTOP-RG5DQGH with PID 5096 (E:\idea code\easy4IM\im-api\target\classes started by zyvictor in E:\idea code\easy4IM)
2021-01-23 23:47:03,571 [INFO] [restartedMain] pers.enoch.im.api.ApiApplication [SpringApplication.java : 652] The following profiles are active: dev
2021-01-23 23:47:03,755 [INFO] [restartedMain] o.s.boot.devtools.env.DevToolsPropertyDefaultsPostProcessor [DeferredLog.java : 225] Devtools property defaults active! Set 'spring.devtools.add-properties' to 'false' to disable
2021-01-23 23:47:03,756 [INFO] [restartedMain] o.s.boot.devtools.env.DevToolsPropertyDefaultsPostProcessor [DeferredLog.java : 225] For additional web related logging consider setting the 'logging.level.web' property to 'DEBUG'
2021-01-23 23:47:05,100 [INFO] [restartedMain] o.s.data.repository.config.RepositoryConfigurationDelegate [RepositoryConfigurationDelegate.java : 247] Multiple Spring Data modules found, entering strict repository configuration mode!
2021-01-23 23:47:05,102 [INFO] [restartedMain] o.s.data.repository.config.RepositoryConfigurationDelegate [RepositoryConfigurationDelegate.java : 127] Bootstrapping Spring Data Redis repositories in DEFAULT mode.
2021-01-23 23:47:05,131 [INFO] [restartedMain] o.s.data.repository.config.RepositoryConfigurationDelegate [RepositoryConfigurationDelegate.java : 185] Finished Spring Data repository scanning in 16ms. Found 0 Redis repository interfaces.
2021-01-23 23:47:05,895 [INFO] [restartedMain] org.springframework.boot.web.embedded.tomcat.TomcatWebServer [TomcatWebServer.java : 90] Tomcat initialized with port(s): 8081 (http)
2021-01-23 23:47:05,913 [INFO] [restartedMain] org.apache.catalina.core.StandardService [DirectJDKLog.java : 173] Starting service [Tomcat]
2021-01-23 23:47:05,913 [INFO] [restartedMain] org.apache.catalina.core.StandardEngine [DirectJDKLog.java : 173] Starting Servlet engine: [Apache Tomcat/9.0.34]
2021-01-23 23:47:06,106 [INFO] [restartedMain] o.a.catalina.core.ContainerBase.[Tomcat].[localhost].[/] [DirectJDKLog.java : 173] Initializing Spring embedded WebApplicationContext
2021-01-23 23:47:06,106 [INFO] [restartedMain] org.springframework.web.context.ContextLoader [ServletWebServerApplicationContext.java : 284] Root WebApplicationContext: initialization completed in 2349 ms
2021-01-23 23:47:06,434 [INFO] [restartedMain] c.a.d.spring.boot.autoconfigure.DruidDataSourceAutoConfigure [DruidDataSourceAutoConfigure.java : 56] Init DruidDataSource
2021-01-23 23:47:08,202 [INFO] [restartedMain] com.alibaba.druid.pool.DruidDataSource [DruidDataSource.java : 1003] {dataSource-1} inited
2021-01-23 23:47:08,992 [INFO] [restartedMain] o.s.scheduling.concurrent.ThreadPoolTaskExecutor [ExecutorConfigurationSupport.java : 171] Initializing ExecutorService 'applicationTaskExecutor'
2021-01-23 23:47:09,409 [INFO] [restartedMain] o.s.boot.devtools.autoconfigure.OptionalLiveReloadServer [OptionalLiveReloadServer.java : 57] LiveReload server is running on port 35729
2021-01-23 23:47:09,418 [INFO] [restartedMain] o.s.boot.actuate.endpoint.web.EndpointLinksResolver [EndpointLinksResolver.java : 58] Exposing 2 endpoint(s) beneath base path '/actuator'
2021-01-23 23:47:09,492 [INFO] [restartedMain] org.springframework.boot.web.embedded.tomcat.TomcatWebServer [TomcatWebServer.java : 202] Tomcat started on port(s): 8081 (http) with context path ''
2021-01-23 23:47:09,495 [INFO] [restartedMain] pers.enoch.im.api.ApiApplication [StartupInfoLogger.java : 59] Started ApiApplication in 6.889 seconds (JVM running for 9.028)
2021-01-23 23:47:09,789 [INFO] [RMI TCP Connection(1)-192.168.174.1] o.a.catalina.core.ContainerBase.[Tomcat].[localhost].[/] [DirectJDKLog.java : 173] Initializing Spring DispatcherServlet 'dispatcherServlet'
2021-01-23 23:47:09,790 [INFO] [RMI TCP Connection(1)-192.168.174.1] org.springframework.web.servlet.DispatcherServlet [FrameworkServlet.java : 525] Initializing Servlet 'dispatcherServlet'
2021-01-23 23:47:09,802 [INFO] [RMI TCP Connection(1)-192.168.174.1] org.springframework.web.servlet.DispatcherServlet [FrameworkServlet.java : 547] Completed initialization in 12 ms
2021-01-23 23:47:11,576 [INFO] [parallel-1] io.lettuce.core.EpollProvider [EpollProvider.java : 68] Starting without optional epoll library
2021-01-23 23:47:11,579 [INFO] [parallel-1] io.lettuce.core.KqueueProvider [KqueueProvider.java : 70] Starting without optional kqueue library
2021-01-23 23:49:12,493 [INFO] [restartedMain] pers.enoch.im.api.ApiApplication [StartupInfoLogger.java : 50] Starting ApiApplication on DESKTOP-RG5DQGH with PID 14940 (E:\idea code\easy4IM\im-api\target\classes started by zyvictor in E:\idea code\easy4IM)
2021-01-23 23:49:12,495 [INFO] [restartedMain] pers.enoch.im.api.ApiApplication [SpringApplication.java : 652] The following profiles are active: dev
2021-01-23 23:49:12,576 [INFO] [restartedMain] o.s.boot.devtools.env.DevToolsPropertyDefaultsPostProcessor [DeferredLog.java : 225] Devtools property defaults active! Set 'spring.devtools.add-properties' to 'false' to disable
2021-01-23 23:49:12,576 [INFO] [restartedMain] o.s.boot.devtools.env.DevToolsPropertyDefaultsPostProcessor [DeferredLog.java : 225] For additional web related logging consider setting the 'logging.level.web' property to 'DEBUG'
2021-01-23 23:49:13,645 [INFO] [restartedMain] o.s.data.repository.config.RepositoryConfigurationDelegate [RepositoryConfigurationDelegate.java : 247] Multiple Spring Data modules found, entering strict repository configuration mode!
2021-01-23 23:49:13,648 [INFO] [restartedMain] o.s.data.repository.config.RepositoryConfigurationDelegate [RepositoryConfigurationDelegate.java : 127] Bootstrapping Spring Data Redis repositories in DEFAULT mode.
2021-01-23 23:49:13,676 [INFO] [restartedMain] o.s.data.repository.config.RepositoryConfigurationDelegate [RepositoryConfigurationDelegate.java : 185] Finished Spring Data repository scanning in 16ms. Found 0 Redis repository interfaces.
2021-01-23 23:49:14,429 [INFO] [restartedMain] org.springframework.boot.web.embedded.tomcat.TomcatWebServer [TomcatWebServer.java : 90] Tomcat initialized with port(s): 8081 (http)
2021-01-23 23:49:14,449 [INFO] [restartedMain] org.apache.catalina.core.StandardService [DirectJDKLog.java : 173] Starting service [Tomcat]
2021-01-23 23:49:14,450 [INFO] [restartedMain] org.apache.catalina.core.StandardEngine [DirectJDKLog.java : 173] Starting Servlet engine: [Apache Tomcat/9.0.34]
2021-01-23 23:49:14,581 [INFO] [restartedMain] o.a.catalina.core.ContainerBase.[Tomcat].[localhost].[/] [DirectJDKLog.java : 173] Initializing Spring embedded WebApplicationContext
2021-01-23 23:49:14,582 [INFO] [restartedMain] org.springframework.web.context.ContextLoader [ServletWebServerApplicationContext.java : 284] Root WebApplicationContext: initialization completed in 2006 ms
2021-01-23 23:49:14,969 [INFO] [restartedMain] c.a.d.spring.boot.autoconfigure.DruidDataSourceAutoConfigure [DruidDataSourceAutoConfigure.java : 56] Init DruidDataSource
2021-01-23 23:49:15,062 [ERROR] [restartedMain] org.springframework.boot.web.embedded.tomcat.TomcatStarter [TomcatStarter.java : 61] Error starting Tomcat context. Exception: org.springframework.beans.factory.BeanCreationException. Message: Error creating bean with name 'servletEndpointRegistrar' defined in class path resource [org/springframework/boot/actuate/autoconfigure/endpoint/web/ServletEndpointManagementContextConfiguration$WebMvcServletEndpointManagementContextConfiguration.class]: Bean instantiation via factory method failed; nested exception is org.springframework.beans.BeanInstantiationException: Failed to instantiate [org.springframework.boot.actuate.endpoint.web.ServletEndpointRegistrar]: Factory method 'servletEndpointRegistrar' threw exception; nested exception is org.springframework.beans.factory.UnsatisfiedDependencyException: Error creating bean with name 'healthEndpoint' defined in class path resource [org/springframework/boot/actuate/autoconfigure/health/HealthEndpointConfiguration.class]: Unsatisfied dependency expressed through method 'healthEndpoint' parameter 1; nested exception is org.springframework.beans.factory.BeanCreationException: Error creating bean with name 'healthIndicatorRegistry' defined in class path resource [org/springframework/boot/actuate/autoconfigure/health/HealthIndicatorAutoConfiguration.class]: Bean instantiation via factory method failed; nested exception is org.springframework.beans.BeanInstantiationException: Failed to instantiate [org.springframework.boot.actuate.health.HealthIndicatorRegistry]: Factory method 'healthIndicatorRegistry' threw exception; nested exception is org.springframework.beans.factory.UnsatisfiedDependencyException: Error creating bean with name 'org.springframework.boot.actuate.autoconfigure.jdbc.DataSourceHealthIndicatorAutoConfiguration': Unsatisfied dependency expressed through constructor parameter 0; nested exception is org.springframework.boot.context.properties.ConfigurationPropertiesBindException: Error creating bean with name 'dataSource': Could not bind properties to 'DruidDataSourceWrapper' : prefix=spring.datasource.druid, ignoreInvalidFields=false, ignoreUnknownFields=true; nested exception is org.springframework.boot.context.properties.bind.BindException: Failed to bind properties under 'spring.datasource.druid' to javax.sql.DataSource
2021-01-23 23:49:15,080 [INFO] [restartedMain] org.apache.catalina.core.StandardService [DirectJDKLog.java : 173] Stopping service [Tomcat]
2021-01-23 23:49:15,090 [WARN] [restartedMain] org.apache.catalina.loader.WebappClassLoaderBase [DirectJDKLog.java : 173] The web application [ROOT] appears to have started a thread named [lettuce-eventExecutorLoop-1-1] but has failed to stop it. This is very likely to create a memory leak. Stack trace of thread:
 sun.misc.Unsafe.park(Native Method)
 java.util.concurrent.locks.LockSupport.parkNanos(LockSupport.java:215)
 java.util.concurrent.locks.AbstractQueuedSynchronizer$ConditionObject.awaitNanos(AbstractQueuedSynchronizer.java:2078)
 java.util.concurrent.LinkedBlockingQueue.poll(LinkedBlockingQueue.java:467)
 io.netty.util.concurrent.SingleThreadEventExecutor.takeTask(SingleThreadEventExecutor.java:289)
 io.netty.util.concurrent.DefaultEventExecutor.run(DefaultEventExecutor.java:64)
 io.netty.util.concurrent.SingleThreadEventExecutor$6.run(SingleThreadEventExecutor.java:1044)
 io.netty.util.internal.ThreadExecutorMap$2.run(ThreadExecutorMap.java:74)
 io.netty.util.concurrent.FastThreadLocalRunnable.run(FastThreadLocalRunnable.java:30)
 java.lang.Thread.run(Thread.java:748)
2021-01-23 23:49:15,093 [WARN] [restartedMain] o.s.b.w.s.c.AnnotationConfigServletWebServerApplicationContext [AbstractApplicationContext.java : 557] Exception encountered during context initialization - cancelling refresh attempt: org.springframework.context.ApplicationContextException: Unable to start web server; nested exception is org.springframework.boot.web.server.WebServerException: Unable to start embedded Tomcat
2021-01-23 23:49:15,117 [INFO] [restartedMain] o.s.b.a.logging.ConditionEvaluationReportLoggingListener [ConditionEvaluationReportLoggingListener.java : 136] 

Error starting ApplicationContext. To display the conditions report re-run your application with 'debug' enabled.
2021-01-23 23:49:15,120 [ERROR] [restartedMain] o.s.boot.diagnostics.LoggingFailureAnalysisReporter [LoggingFailureAnalysisReporter.java : 40] 

***************************
APPLICATION FAILED TO START
***************************

Description:

Failed to bind properties under 'spring.datasource.druid' to javax.sql.DataSource:

    Property: spring.datasource.druid.filters
    Value: stat,wall,log4j
    Origin: class path resource [application-dev.properties]:51:33
    Reason: org.apache.log4j.Logger

Action:

Update your application's configuration

2021-01-23 23:49:53,408 [INFO] [restartedMain] pers.enoch.im.api.ApiApplication [StartupInfoLogger.java : 50] Starting ApiApplication on DESKTOP-RG5DQGH with PID 19356 (E:\idea code\easy4IM\im-api\target\classes started by zyvictor in E:\idea code\easy4IM)
2021-01-23 23:49:53,411 [INFO] [restartedMain] pers.enoch.im.api.ApiApplication [SpringApplication.java : 652] The following profiles are active: dev
2021-01-23 23:49:53,519 [INFO] [restartedMain] o.s.boot.devtools.env.DevToolsPropertyDefaultsPostProcessor [DeferredLog.java : 225] Devtools property defaults active! Set 'spring.devtools.add-properties' to 'false' to disable
2021-01-23 23:49:53,530 [INFO] [restartedMain] o.s.boot.devtools.env.DevToolsPropertyDefaultsPostProcessor [DeferredLog.java : 225] For additional web related logging consider setting the 'logging.level.web' property to 'DEBUG'
2021-01-23 23:49:54,660 [INFO] [restartedMain] o.s.data.repository.config.RepositoryConfigurationDelegate [RepositoryConfigurationDelegate.java : 247] Multiple Spring Data modules found, entering strict repository configuration mode!
2021-01-23 23:49:54,663 [INFO] [restartedMain] o.s.data.repository.config.RepositoryConfigurationDelegate [RepositoryConfigurationDelegate.java : 127] Bootstrapping Spring Data Redis repositories in DEFAULT mode.
2021-01-23 23:49:54,693 [INFO] [restartedMain] o.s.data.repository.config.RepositoryConfigurationDelegate [RepositoryConfigurationDelegate.java : 185] Finished Spring Data repository scanning in 19ms. Found 0 Redis repository interfaces.
2021-01-23 23:49:55,495 [INFO] [restartedMain] org.springframework.boot.web.embedded.tomcat.TomcatWebServer [TomcatWebServer.java : 90] Tomcat initialized with port(s): 8081 (http)
2021-01-23 23:49:55,515 [INFO] [restartedMain] org.apache.catalina.core.StandardService [DirectJDKLog.java : 173] Starting service [Tomcat]
2021-01-23 23:49:55,516 [INFO] [restartedMain] org.apache.catalina.core.StandardEngine [DirectJDKLog.java : 173] Starting Servlet engine: [Apache Tomcat/9.0.34]
2021-01-23 23:49:55,725 [INFO] [restartedMain] o.a.catalina.core.ContainerBase.[Tomcat].[localhost].[/] [DirectJDKLog.java : 173] Initializing Spring embedded WebApplicationContext
2021-01-23 23:49:55,726 [INFO] [restartedMain] org.springframework.web.context.ContextLoader [ServletWebServerApplicationContext.java : 284] Root WebApplicationContext: initialization completed in 2195 ms
2021-01-23 23:49:56,079 [INFO] [restartedMain] c.a.d.spring.boot.autoconfigure.DruidDataSourceAutoConfigure [DruidDataSourceAutoConfigure.java : 56] Init DruidDataSource
2021-01-23 23:49:56,384 [INFO] [restartedMain] com.alibaba.druid.pool.DruidDataSource [DruidDataSource.java : 1003] {dataSource-1} inited
2021-01-23 23:49:57,243 [INFO] [restartedMain] o.s.scheduling.concurrent.ThreadPoolTaskExecutor [ExecutorConfigurationSupport.java : 171] Initializing ExecutorService 'applicationTaskExecutor'
2021-01-23 23:49:57,675 [INFO] [restartedMain] o.s.boot.devtools.autoconfigure.OptionalLiveReloadServer [OptionalLiveReloadServer.java : 57] LiveReload server is running on port 35729
2021-01-23 23:49:57,684 [INFO] [restartedMain] o.s.boot.actuate.endpoint.web.EndpointLinksResolver [EndpointLinksResolver.java : 58] Exposing 2 endpoint(s) beneath base path '/actuator'
2021-01-23 23:49:57,772 [INFO] [restartedMain] org.springframework.boot.web.embedded.tomcat.TomcatWebServer [TomcatWebServer.java : 202] Tomcat started on port(s): 8081 (http) with context path ''
2021-01-23 23:49:57,774 [INFO] [restartedMain] pers.enoch.im.api.ApiApplication [StartupInfoLogger.java : 59] Started ApiApplication in 5.06 seconds (JVM running for 7.0)
2021-01-23 23:49:58,501 [INFO] [parallel-1] io.lettuce.core.EpollProvider [EpollProvider.java : 68] Starting without optional epoll library
2021-01-23 23:49:58,505 [INFO] [parallel-1] io.lettuce.core.KqueueProvider [KqueueProvider.java : 70] Starting without optional kqueue library
2021-01-23 23:49:59,881 [INFO] [RMI TCP Connection(3)-192.168.174.1] o.a.catalina.core.ContainerBase.[Tomcat].[localhost].[/] [DirectJDKLog.java : 173] Initializing Spring DispatcherServlet 'dispatcherServlet'
2021-01-23 23:49:59,882 [INFO] [RMI TCP Connection(3)-192.168.174.1] org.springframework.web.servlet.DispatcherServlet [FrameworkServlet.java : 525] Initializing Servlet 'dispatcherServlet'
2021-01-23 23:49:59,889 [INFO] [RMI TCP Connection(3)-192.168.174.1] org.springframework.web.servlet.DispatcherServlet [FrameworkServlet.java : 547] Completed initialization in 7 ms
